<?xml version="1.0" encoding="UTF-8"?>
<!-- Generated by org.testng.reporters.JUnitReportReporter -->
<testsuite hostname="DESKTOP-38EEU18" failures="0" tests="1" name="BrokenLink" time="21.406" errors="0" timestamp="2024-01-10T00:23:04 IST" skipped="0">
  <testcase classname="BrokenLink" name="f" time="21.406">
    <system-out>
      <![CDATA[https://bstackdemo.com/ - OK
https://bstackdemo.com/offers - OK
https://bstackdemo.com/orders - OK
https://bstackdemo.com/favourites - OK
https://bstackdemo.com/offers - OK]]>
    </system-out>
  </testcase> <!-- f -->
  <system-out>
    <![CDATA[https://bstackdemo.com/ - OK
https://bstackdemo.com/offers - OK
https://bstackdemo.com/orders - OK
https://bstackdemo.com/favourites - OK
https://bstackdemo.com/offers - OK]]>
  </system-out>
</testsuite> <!-- BrokenLink -->
