<?xml version="1.0" encoding="UTF-8"?>
<!-- Generated by org.testng.reporters.JUnitReportReporter -->
<testsuite hostname="DESKTOP-38EEU18" failures="0" tests="1" name="coverFoxTest.CF_TC555_validate_search_result_for_healthcare_policies" time="43.304" errors="0" timestamp="2024-01-11T10:41:54 IST" skipped="0">
  <testcase classname="coverFoxTest.CF_TC555_validate_search_result_for_healthcare_policies" name="validateTestPlanFromTextAndBanner" time="43.304">
    <system-out>
      <![CDATA[TC validateTestPlanFromTextAndBanner Excution Stared
Fetching result from text
Fetching result from banner
TC is Pass both are equal
TC is Pass sort plan is present
Taking ScreenShot
TC validateTestPlanFromTextAndBanner Excution Success]]>
    </system-out>
  </testcase> <!-- validateTestPlanFromTextAndBanner -->
  <system-out>
    <![CDATA[Launching CoverFox
Clicking on Gender Button
Clicking on next button
Handaling age dropdown 
Clicking on next button
Enter pincode number
Enter Mobile number
Click on continue button
TC validateTestPlanFromTextAndBanner Excution Stared
Fetching result from text
Fetching result from banner
TC is Pass both are equal
TC is Pass sort plan is present
Taking ScreenShot
TC validateTestPlanFromTextAndBanner Excution Success
Closing Browser]]>
  </system-out>
</testsuite> <!-- coverFoxTest.CF_TC555_validate_search_result_for_healthcare_policies -->
