<?xml version="1.0" encoding="UTF-8"?>
<!-- Generated by org.testng.reporters.JUnitReportReporter -->
<testsuite hostname="DESKTOP-38EEU18" failures="0" tests="3" name="dataProvider.FbAccountForm" time="42.607" errors="0" timestamp="2024-01-09T23:33:03 IST" skipped="0">
  <testcase classname="dataProvider.FbAccountForm" name="fbTest" time="14.915"/>
  <testcase classname="dataProvider.FbAccountForm" name="fbTest" time="14.639"/>
  <testcase classname="dataProvider.FbAccountForm" name="fbTest" time="13.053"/>
</testsuite> <!-- dataProvider.FbAccountForm -->
